<?xml version="1.0" encoding="UTF-8"?>
<testng-results ignored="0" total="1" passed="1" failed="0" skipped="0">
  <reporter-output>
  </reporter-output>
  <suite started-at="2020-03-31T09:39:58 IST" name="Default suite" finished-at="2020-03-31T09:40:52 IST" duration-ms="53790">
    <groups>
    </groups>
    <test started-at="2020-03-31T09:39:58 IST" name="Default test" finished-at="2020-03-31T09:40:52 IST" duration-ms="53790">
      <class name="com.cts.Data.LoginPage">
        <test-method signature="DataLogin()[pri:0, instance:com.cts.Data.LoginPage@61dd025]" started-at="2020-03-31T09:39:58 IST" name="DataLogin" finished-at="2020-03-31T09:40:52 IST" duration-ms="53675" status="PASS">
          <reporter-output>
          </reporter-output>
        </test-method> <!-- DataLogin -->
      </class> <!-- com.cts.Data.LoginPage -->
    </test> <!-- Default test -->
  </suite> <!-- Default suite -->
</testng-results>
