<?xml version="1.0" encoding="UTF-8"?>
<testng-results ignored="0" total="1" passed="1" failed="0" skipped="0">
  <reporter-output>
  </reporter-output>
  <suite started-at="2020-04-09T15:49:39 IST" name="Default suite" finished-at="2020-04-09T15:49:39 IST" duration-ms="208">
    <groups>
    </groups>
    <test started-at="2020-04-09T15:49:39 IST" name="Default test" finished-at="2020-04-09T15:49:39 IST" duration-ms="208">
      <class name="com.cts.sheet.ExcelReader">
        <test-method signature="DataLogin()[pri:0, instance:com.cts.sheet.ExcelReader@61230f6a]" started-at="2020-04-09T15:49:39 IST" name="DataLogin" finished-at="2020-04-09T15:49:39 IST" duration-ms="73" status="PASS">
          <reporter-output>
          </reporter-output>
        </test-method> <!-- DataLogin -->
      </class> <!-- com.cts.sheet.ExcelReader -->
    </test> <!-- Default test -->
  </suite> <!-- Default suite -->
</testng-results>
